2024-07-13 15:59:08 INFO  Utils:112 - [Utils] MethodGroupsHelper.collectMethodsByGroup() took 1 ms.
2024-07-13 15:59:08 INFO  Utils:112 - [Utils] MethodGroupsHelper.sortMethods() took 2 ms.
2024-07-13 15:59:08 INFO  Utils:112 - [Utils] MethodGroupsHelper.collectMethodsByGroup() took 0 ms.
2024-07-13 15:59:08 INFO  Utils:112 - [Utils] MethodGroupsHelper.sortMethods() took 0 ms.
2024-07-13 15:59:08 INFO  Utils:112 - [Utils] MethodGroupsHelper.collectMethodsByGroup() took 0 ms.
2024-07-13 15:59:08 INFO  Utils:112 - [Utils] MethodGroupsHelper.sortMethods() took 0 ms.
2024-07-13 15:59:08 INFO  Utils:112 - [Utils] MethodGroupsHelper.collectMethodsByGroup() took 0 ms.
2024-07-13 15:59:08 INFO  Utils:112 - [Utils] MethodGroupsHelper.sortMethods() took 0 ms.
2024-07-13 15:59:08 INFO  Utils:112 - [Utils] MethodGroupsHelper.collectMethodsByGroup() took 3 ms.
2024-07-13 15:59:08 INFO  Utils:112 - [Utils] MethodGroupsHelper.sortMethods() took 13 ms.
2024-07-13 15:59:08 INFO  Utils:112 - [Utils] MethodGroupsHelper.collectMethodsByGroup() took 0 ms.
2024-07-13 15:59:08 INFO  Utils:112 - [Utils] MethodGroupsHelper.sortMethods() took 0 ms.
2024-07-13 15:59:08 INFO  Utils:112 - [Utils] MethodGroupsHelper.collectMethodsByGroup() took 0 ms.
2024-07-13 15:59:08 INFO  Utils:112 - [Utils] MethodGroupsHelper.sortMethods() took 0 ms.
2024-07-13 15:59:08 INFO  Utils:112 - [Utils] MethodGroupsHelper.collectMethodsByGroup() took 0 ms.
2024-07-13 15:59:08 INFO  Utils:112 - [Utils] MethodGroupsHelper.sortMethods() took 0 ms.
2024-07-13 15:59:08 INFO  Utils:112 - [Utils] MethodGroupsHelper.collectMethodsByGroup() took 0 ms.
2024-07-13 15:59:08 INFO  Utils:112 - [Utils] MethodGroupsHelper.sortMethods() took 0 ms.
2024-07-13 15:59:08 INFO  Utils:112 - [Utils] MethodGroupsHelper.collectMethodsByGroup() took 0 ms.
2024-07-13 15:59:08 INFO  Utils:112 - [Utils] MethodGroupsHelper.sortMethods() took 0 ms.
2024-07-13 15:59:08 INFO  Utils:112 - [Utils] MethodGroupsHelper.collectMethodsByGroup() took 0 ms.
2024-07-13 15:59:08 INFO  Utils:112 - [Utils] MethodGroupsHelper.sortMethods() took 0 ms.
2024-07-13 15:59:08 INFO  Utils:112 - [Utils] MethodGroupsHelper.collectMethodsByGroup() took 0 ms.
2024-07-13 15:59:08 INFO  Utils:112 - [Utils] MethodGroupsHelper.sortMethods() took 0 ms.
2024-07-13 15:59:08 INFO  Utils:112 - [Utils] MethodGroupsHelper.collectMethodsByGroup() took 0 ms.
2024-07-13 15:59:08 INFO  Utils:112 - [Utils] MethodGroupsHelper.sortMethods() took 0 ms.
2024-07-13 15:59:08 INFO  Utils:112 - [Utils] MethodGroupsHelper.collectMethodsByGroup() took 0 ms.
2024-07-13 15:59:08 INFO  Utils:112 - [Utils] MethodGroupsHelper.sortMethods() took 0 ms.
2024-07-13 15:59:08 INFO  Utils:112 - [Utils] MethodGroupsHelper.collectMethodsByGroup() took 0 ms.
2024-07-13 15:59:08 INFO  Utils:112 - [Utils] MethodGroupsHelper.sortMethods() took 0 ms.
2024-07-13 15:59:08 INFO  Utils:112 - [TestNG] Running:
  C:\Users\91928\AppData\Local\Temp\testng-eclipse-1742761449\testng-customsuite.xml

2024-07-13 15:59:08 INFO  Utils:112 - [Utils] DynamicGraphHelper.createDynamicGraph() took 6 ms.
2024-07-13 15:59:12 INFO  Utils:112 - [TestNG] Time taken by org.testng.reporters.SuiteHTMLReporter@7c2312fa: 40 ms
2024-07-13 15:59:12 INFO  Utils:112 - [TestNG] Time taken by org.testng.reporters.jq.Main@37ce3644: 79 ms
2024-07-13 15:59:12 INFO  Utils:112 - [TestNG] Time taken by org.testng.reporters.FailedReporter@1de6932a: 14 ms
2024-07-13 15:59:12 INFO  Utils:112 - [TestNG] Time taken by org.testng.reporters.XMLReporter@31e04b13: 13 ms
2024-07-13 15:59:12 INFO  Utils:112 - [TestNG] Time taken by org.testng.reporters.EmailableReporter2@23940f86: 11 ms
2024-07-13 15:59:12 INFO  Utils:112 - [TestNG] Time taken by org.testng.reporters.JUnitReportReporter@e1e2e5e: 11 ms
2024-07-13 15:59:12 INFO  Utils:112 - [TestNG] Time taken by org.testng.internal.ExitCodeListener@661c46bc: 0 ms
2024-07-13 16:00:35 INFO  Utils:112 - [Utils] MethodGroupsHelper.collectMethodsByGroup() took 1 ms.
2024-07-13 16:00:35 INFO  Utils:112 - [Utils] MethodGroupsHelper.sortMethods() took 2 ms.
2024-07-13 16:00:35 INFO  Utils:112 - [Utils] MethodGroupsHelper.collectMethodsByGroup() took 0 ms.
2024-07-13 16:00:35 INFO  Utils:112 - [Utils] MethodGroupsHelper.sortMethods() took 0 ms.
2024-07-13 16:00:35 INFO  Utils:112 - [Utils] MethodGroupsHelper.collectMethodsByGroup() took 0 ms.
2024-07-13 16:00:35 INFO  Utils:112 - [Utils] MethodGroupsHelper.sortMethods() took 0 ms.
2024-07-13 16:00:35 INFO  Utils:112 - [Utils] MethodGroupsHelper.collectMethodsByGroup() took 0 ms.
2024-07-13 16:00:35 INFO  Utils:112 - [Utils] MethodGroupsHelper.sortMethods() took 0 ms.
2024-07-13 16:00:35 INFO  Utils:112 - [Utils] MethodGroupsHelper.collectMethodsByGroup() took 2 ms.
2024-07-13 16:00:35 INFO  Utils:112 - [Utils] MethodGroupsHelper.sortMethods() took 13 ms.
2024-07-13 16:00:35 INFO  Utils:112 - [Utils] MethodGroupsHelper.collectMethodsByGroup() took 0 ms.
2024-07-13 16:00:35 INFO  Utils:112 - [Utils] MethodGroupsHelper.sortMethods() took 0 ms.
2024-07-13 16:00:35 INFO  Utils:112 - [Utils] MethodGroupsHelper.collectMethodsByGroup() took 0 ms.
2024-07-13 16:00:35 INFO  Utils:112 - [Utils] MethodGroupsHelper.sortMethods() took 0 ms.
2024-07-13 16:00:35 INFO  Utils:112 - [Utils] MethodGroupsHelper.collectMethodsByGroup() took 0 ms.
2024-07-13 16:00:35 INFO  Utils:112 - [Utils] MethodGroupsHelper.sortMethods() took 0 ms.
2024-07-13 16:00:35 INFO  Utils:112 - [Utils] MethodGroupsHelper.collectMethodsByGroup() took 0 ms.
2024-07-13 16:00:35 INFO  Utils:112 - [Utils] MethodGroupsHelper.sortMethods() took 0 ms.
2024-07-13 16:00:35 INFO  Utils:112 - [Utils] MethodGroupsHelper.collectMethodsByGroup() took 0 ms.
2024-07-13 16:00:35 INFO  Utils:112 - [Utils] MethodGroupsHelper.sortMethods() took 0 ms.
2024-07-13 16:00:35 INFO  Utils:112 - [Utils] MethodGroupsHelper.collectMethodsByGroup() took 0 ms.
2024-07-13 16:00:35 INFO  Utils:112 - [Utils] MethodGroupsHelper.sortMethods() took 0 ms.
2024-07-13 16:00:35 INFO  Utils:112 - [Utils] MethodGroupsHelper.collectMethodsByGroup() took 0 ms.
2024-07-13 16:00:35 INFO  Utils:112 - [Utils] MethodGroupsHelper.sortMethods() took 0 ms.
2024-07-13 16:00:35 INFO  Utils:112 - [Utils] MethodGroupsHelper.collectMethodsByGroup() took 0 ms.
2024-07-13 16:00:35 INFO  Utils:112 - [Utils] MethodGroupsHelper.sortMethods() took 0 ms.
2024-07-13 16:00:35 INFO  Utils:112 - [Utils] MethodGroupsHelper.collectMethodsByGroup() took 0 ms.
2024-07-13 16:00:35 INFO  Utils:112 - [Utils] MethodGroupsHelper.sortMethods() took 0 ms.
2024-07-13 16:00:35 INFO  Utils:112 - [Utils] MethodGroupsHelper.collectMethodsByGroup() took 0 ms.
2024-07-13 16:00:35 INFO  Utils:112 - [Utils] MethodGroupsHelper.sortMethods() took 0 ms.
2024-07-13 16:00:35 INFO  Utils:112 - [TestNG] Running:
  C:\Users\91928\AppData\Local\Temp\testng-eclipse--134154244\testng-customsuite.xml

2024-07-13 16:00:35 INFO  Utils:112 - [Utils] DynamicGraphHelper.createDynamicGraph() took 6 ms.
2024-07-13 16:00:51 INFO  TC_001_AccountRegistrationTest:15 - ***** Starting TC001_AccountRegistrationTest  ****
2024-07-13 16:00:51 INFO  TC_001_AccountRegistrationTest:22 - Clicked on MyAccount Link.. 
2024-07-13 16:00:52 INFO  TC_001_AccountRegistrationTest:25 - Clicked on Register Link.. 
2024-07-13 16:00:52 INFO  TC_001_AccountRegistrationTest:30 - Providing customer details...
2024-07-13 16:00:53 INFO  TC_001_AccountRegistrationTest:42 - Validating expected message..
2024-07-13 16:00:53 INFO  TC_001_AccountRegistrationTest:49 - Test passed
2024-07-13 16:00:53 INFO  TC_001_AccountRegistrationTest:58 - ***** Finished TC001_AccountRegistrationTest *****
2024-07-13 16:00:54 INFO  Utils:112 - [TestNG] Time taken by org.testng.reporters.SuiteHTMLReporter@5918c260: 43 ms
2024-07-13 16:00:54 INFO  Utils:112 - [TestNG] Time taken by org.testng.reporters.jq.Main@4088741b: 71 ms
2024-07-13 16:00:54 INFO  Utils:112 - [TestNG] Time taken by org.testng.reporters.FailedReporter@16a49a5d: 0 ms
2024-07-13 16:00:54 INFO  Utils:112 - [TestNG] Time taken by org.testng.reporters.XMLReporter@10fbbdb: 8 ms
2024-07-13 16:00:54 INFO  Utils:112 - [TestNG] Time taken by org.testng.reporters.EmailableReporter2@3ed03652: 7 ms
2024-07-13 16:00:54 INFO  Utils:112 - [TestNG] Time taken by org.testng.reporters.JUnitReportReporter@1dc76fa1: 6 ms
2024-07-13 16:00:54 INFO  Utils:112 - [TestNG] Time taken by org.testng.internal.ExitCodeListener@5eed2d86: 0 ms
